<?xml version="1.0" encoding="UTF-8"?>
<!-- Generated by org.testng.reporters.JUnitReportReporter -->
<testsuite hostname="Ameet" failures="0" tests="11" name="testcases.RestAssured_TestCases" time="91.354" errors="0" timestamp="2025-07-11T12:06:02 IST" skipped="0">
  <testcase classname="testcases.RestAssured_TestCases" name="loginWithSeleniumAndGetCookie" time="52.557"/>
  <testcase classname="testcases.RestAssured_TestCases" name="getLocalizationValid" time="14.723"/>
  <testcase classname="testcases.RestAssured_TestCases" name="getActiveLanguages" time="1.595"/>
  <testcase classname="testcases.RestAssured_TestCases" name="getDashboardShortcuts" time="1.245"/>
  <testcase classname="testcases.RestAssured_TestCases" name="getAuthProviders" time="2.459"/>
  <testcase classname="testcases.RestAssured_TestCases" name="getAdminOAuthList" time="1.585"/>
  <testcase classname="testcases.RestAssured_TestCases" name="getEmployeeList" time="1.774"/>
  <testcase classname="testcases.RestAssured_TestCases" name="putLanguagePackage" time="2.233"/>
  <testcase classname="testcases.RestAssured_TestCases" name="deleteLangById" time="4.553"/>
  <testcase classname="testcases.RestAssured_TestCases" name="putModulesSettings" time="7.468"/>
  <testcase classname="testcases.RestAssured_TestCases" name="postOpenIdProvide" time="1.162"/>
</testsuite> <!-- testcases.RestAssured_TestCases -->
