<?xml version="1.0" encoding="UTF-8"?>
<!-- Generated by org.testng.reporters.JUnitReportReporter -->
<testsuite hostname="Sukhvinder" failures="0" tests="2" name="testcases.RestAssured_TestCases_PL1" time="22.899" errors="0" timestamp="2025-07-11T00:28:45 IST" skipped="0">
  <testcase classname="testcases.RestAssured_TestCases_PL1" name="loginWithSeleniumAndGetCookie" time="22.897"/>
  <testcase classname="testcases.RestAssured_TestCases_PL1" name="getAllStocksTest" time="0.002"/>
</testsuite> <!-- testcases.RestAssured_TestCases_PL1 -->
